2024-08-18 22:27:48,204 [INFO] Process Started
2024-08-18 22:28:19,474 [INFO] Process Finished
2024-08-18 22:28:20,272 [INFO] Closing down clientserver connection
2024-08-18 22:30:55,578 [INFO] Process Started
2024-08-18 22:31:28,078 [INFO] Process Finished
2024-08-18 22:31:28,839 [INFO] Closing down clientserver connection
2024-08-18 22:32:42,142 [INFO] Process Started
2024-08-18 22:34:26,120 [INFO] Process Started
2024-08-18 22:34:26,122 [INFO] Exec1
2024-08-18 22:37:51,014 [INFO] Process Started
2024-08-18 22:37:51,015 [INFO] PARTE 1 Exec1
2024-08-18 22:38:06,088 [INFO] Finished
2024-08-18 22:38:06,089 [INFO] PARTE 1 Exec2
2024-08-18 22:38:08,142 [INFO] Finished
2024-08-18 22:38:08,143 [INFO] PARTE 1 Exec3
2024-08-18 22:38:09,995 [INFO] Finished
2024-08-18 22:38:26,706 [INFO] Process Finished
2024-08-18 22:38:27,271 [INFO] Closing down clientserver connection
2024-08-18 22:46:53,180 [INFO] Process Started
2024-08-18 22:46:53,181 [INFO] PARTE 1 Exec1
2024-08-18 22:47:06,387 [INFO] Finished
2024-08-18 22:47:06,388 [INFO] PARTE 1 Exec2
2024-08-18 22:47:08,197 [INFO] Finished
2024-08-18 22:47:08,198 [INFO] PARTE 1 Exec3
2024-08-18 22:47:09,870 [INFO] Finished
2024-08-18 22:47:09,870 [INFO] PARTE 2 Exec1
2024-08-18 22:47:12,067 [INFO] Finished
2024-08-18 22:47:12,068 [INFO] PARTE 2 Exec2
2024-08-18 22:47:13,444 [INFO] Finished
2024-08-18 22:47:13,444 [INFO] PARTE 3 Exec1
2024-08-18 22:47:20,839 [INFO] Finished
2024-08-18 22:47:20,840 [INFO] PARTE 3 Exec2
2024-08-18 22:47:22,140 [INFO] Finished
2024-08-18 22:47:22,140 [INFO] PARTE 4 Exec1
2024-08-18 22:47:23,705 [INFO] Finished
2024-08-18 22:47:23,705 [INFO] PARTE 5 ActionLog
2024-08-18 22:47:24,491 [INFO] Finished
2024-08-18 22:47:24,491 [INFO] Process Finished
2024-08-18 22:47:25,240 [INFO] Closing down clientserver connection
